<?xml version="1.0" encoding="UTF-8" ?>
<testsuite errors="0" failures="0" hostname="Angus" name="dk.dm844.ShipIntegrationSpec" tests="1" time="0.293" timestamp="2015-02-23T18:32:15">
  <properties />
  <testcase classname="dk.dm844.ShipIntegrationSpec" name="test storing and retrieving a ship" time="0.292" />
  <system-out><![CDATA[--Output from test storing and retrieving a ship--
]]></system-out>
  <system-err><![CDATA[--Output from test storing and retrieving a ship--
]]></system-err>
</testsuite>
