<?xml version="1.0" encoding="UTF-8" ?>
<testsuite errors="0" failures="0" hostname="Angus" name="dk.dm844.bsg.ShipSpec" tests="1" time="1.949" timestamp="2015-02-23T18:32:06">
  <properties />
  <testcase classname="dk.dm844.bsg.ShipSpec" name="Test something" time="1.901" />
  <system-out><![CDATA[--Output from Test something--
]]></system-out>
  <system-err><![CDATA[--Output from Test something--
]]></system-err>
</testsuite>
