<?xml version="1.0" encoding="UTF-8" ?>
<testsuite errors="0" failures="1" hostname="Angus" name="dk.dm844.ShipIntegrationSpec" tests="1" time="0.043" timestamp="2015-02-10T16:11:45">
  <properties />
  <testcase classname="dk.dm844.ShipIntegrationSpec" name="test storing and retrieving a ship" time="0.042">
    <failure message="Condition not satisfied:&#xa;&#xa;ship.validate()&#xa;|    |&#xa;|    false&#xa;dk.dm844.bsg.Ship : (unsaved)&#xa;" type="junit.framework.AssertionFailedError">junit.framework.AssertionFailedError: Condition not satisfied:

ship.validate()
|    |
|    false
dk.dm844.bsg.Ship : (unsaved)

	at dk.dm844.ShipIntegrationSpec.test storing and retrieving a ship(ShipIntegrationSpec.groovy:19)
</failure>
  </testcase>
  <system-out><![CDATA[--Output from test storing and retrieving a ship--
]]></system-out>
  <system-err><![CDATA[--Output from test storing and retrieving a ship--
]]></system-err>
</testsuite>
